CRITICAL - 2022-12-02 18:35:17 --> CodeIgniter\BaseModel::paginate(): Argument #3 ($page) must be of type ?int, string given, called in C:\xampp\htdocs\restoran-ci4\ci4\app\Controllers\Admin\Kategori.php on line 28
in SYSTEMPATH\BaseModel.php on line 1095.
 1 APPPATH\Controllers\Admin\Kategori.php(28): CodeIgniter\BaseModel->paginate(2, 'group1', 'FCPATH\\bootstrap')
 2 SYSTEMPATH\CodeIgniter.php(927): App\Controllers\Admin\Kategori->read()
 3 SYSTEMPATH\CodeIgniter.php(482): CodeIgniter\CodeIgniter->runController(Object(App\Controllers\Admin\Kategori))
 4 SYSTEMPATH\CodeIgniter.php(351): CodeIgniter\CodeIgniter->handleRequest(null, Object(Config\Cache), false)
 5 FCPATH\index.php(67): CodeIgniter\CodeIgniter->run()
CRITICAL - 2022-12-02 18:59:06 --> Unable to locate view cell class: \App\Controllers\Menu.
in SYSTEMPATH\View\Cell.php on line 201.
 1 SYSTEMPATH\View\Cell.php(201): CodeIgniter\View\Exceptions\ViewException::forInvalidCellClass('\\App\\Controllers\\Menu')
 2 SYSTEMPATH\View\Cell.php(71): CodeIgniter\View\Cell->determineClass('\\App\\Controllers\\Menu:option')
 3 SYSTEMPATH\Common.php(1150): CodeIgniter\View\Cell->render('\\App\\Controllers\\Menu::option', null, 0, null)
 4 APPPATH\Views\menu\form.php(7): view_cell('\\App\\Controllers\\Menu::option')
 5 SYSTEMPATH\View\View.php(213): include('APPPATH\\Views\\menu\\form.php')
 6 SYSTEMPATH\View\View.php(216): CodeIgniter\View\View->CodeIgniter\View\{closure}()
 7 SYSTEMPATH\Common.php(1134): CodeIgniter\View\View->render('menu/form', [], true)
 8 APPPATH\Controllers\Admin\Menu.php(12): view('menu/form')
 9 SYSTEMPATH\CodeIgniter.php(927): App\Controllers\Admin\Menu->index()
10 SYSTEMPATH\CodeIgniter.php(482): CodeIgniter\CodeIgniter->runController(Object(App\Controllers\Admin\Menu))
11 SYSTEMPATH\CodeIgniter.php(351): CodeIgniter\CodeIgniter->handleRequest(null, Object(Config\Cache), false)
12 FCPATH\index.php(67): CodeIgniter\CodeIgniter->run()
CRITICAL - 2022-12-02 18:59:26 --> Unable to locate view cell class: \App\Controllers\Menu.
in SYSTEMPATH\View\Cell.php on line 201.
 1 SYSTEMPATH\View\Cell.php(201): CodeIgniter\View\Exceptions\ViewException::forInvalidCellClass('\\App\\Controllers\\Menu')
 2 SYSTEMPATH\View\Cell.php(71): CodeIgniter\View\Cell->determineClass('\\App\\Controllers\\Menu:option')
 3 SYSTEMPATH\Common.php(1150): CodeIgniter\View\Cell->render('\\App\\Controllers\\Menu::option', null, 0, null)
 4 APPPATH\Views\menu\form.php(7): view_cell('\\App\\Controllers\\Menu::option')
 5 SYSTEMPATH\View\View.php(213): include('APPPATH\\Views\\menu\\form.php')
 6 SYSTEMPATH\View\View.php(216): CodeIgniter\View\View->CodeIgniter\View\{closure}()
 7 SYSTEMPATH\Common.php(1134): CodeIgniter\View\View->render('menu/form', [], true)
 8 APPPATH\Controllers\Admin\Menu.php(12): view('menu/form')
 9 SYSTEMPATH\CodeIgniter.php(927): App\Controllers\Admin\Menu->index()
10 SYSTEMPATH\CodeIgniter.php(482): CodeIgniter\CodeIgniter->runController(Object(App\Controllers\Admin\Menu))
11 SYSTEMPATH\CodeIgniter.php(351): CodeIgniter\CodeIgniter->handleRequest(null, Object(Config\Cache), false)
12 FCPATH\index.php(67): CodeIgniter\CodeIgniter->run()
CRITICAL - 2022-12-02 19:01:41 --> Unable to locate view cell class: \App\Controllers\Menu.
in SYSTEMPATH\View\Cell.php on line 201.
 1 SYSTEMPATH\View\Cell.php(201): CodeIgniter\View\Exceptions\ViewException::forInvalidCellClass('\\App\\Controllers\\Menu')
 2 SYSTEMPATH\View\Cell.php(71): CodeIgniter\View\Cell->determineClass('\\App\\Controllers\\Menu:option')
 3 SYSTEMPATH\Common.php(1150): CodeIgniter\View\Cell->render('\\App\\Controllers\\Menu::option', null, 0, null)
 4 APPPATH\Views\menu\form.php(7): view_cell('\\App\\Controllers\\Menu::option')
 5 SYSTEMPATH\View\View.php(213): include('APPPATH\\Views\\menu\\form.php')
 6 SYSTEMPATH\View\View.php(216): CodeIgniter\View\View->CodeIgniter\View\{closure}()
 7 SYSTEMPATH\Common.php(1134): CodeIgniter\View\View->render('menu/form', [], true)
 8 APPPATH\Controllers\Admin\Menu.php(12): view('menu/form')
 9 SYSTEMPATH\CodeIgniter.php(927): App\Controllers\Admin\Menu->index()
10 SYSTEMPATH\CodeIgniter.php(482): CodeIgniter\CodeIgniter->runController(Object(App\Controllers\Admin\Menu))
11 SYSTEMPATH\CodeIgniter.php(351): CodeIgniter\CodeIgniter->handleRequest(null, Object(Config\Cache), false)
12 FCPATH\index.php(67): CodeIgniter\CodeIgniter->run()
CRITICAL - 2022-12-02 19:01:42 --> Unable to locate view cell class: \App\Controllers\Menu.
in SYSTEMPATH\View\Cell.php on line 201.
 1 SYSTEMPATH\View\Cell.php(201): CodeIgniter\View\Exceptions\ViewException::forInvalidCellClass('\\App\\Controllers\\Menu')
 2 SYSTEMPATH\View\Cell.php(71): CodeIgniter\View\Cell->determineClass('\\App\\Controllers\\Menu:option')
 3 SYSTEMPATH\Common.php(1150): CodeIgniter\View\Cell->render('\\App\\Controllers\\Menu::option', null, 0, null)
 4 APPPATH\Views\menu\form.php(7): view_cell('\\App\\Controllers\\Menu::option')
 5 SYSTEMPATH\View\View.php(213): include('APPPATH\\Views\\menu\\form.php')
 6 SYSTEMPATH\View\View.php(216): CodeIgniter\View\View->CodeIgniter\View\{closure}()
 7 SYSTEMPATH\Common.php(1134): CodeIgniter\View\View->render('menu/form', [], true)
 8 APPPATH\Controllers\Admin\Menu.php(12): view('menu/form')
 9 SYSTEMPATH\CodeIgniter.php(927): App\Controllers\Admin\Menu->index()
10 SYSTEMPATH\CodeIgniter.php(482): CodeIgniter\CodeIgniter->runController(Object(App\Controllers\Admin\Menu))
11 SYSTEMPATH\CodeIgniter.php(351): CodeIgniter\CodeIgniter->handleRequest(null, Object(Config\Cache), false)
12 FCPATH\index.php(67): CodeIgniter\CodeIgniter->run()
CRITICAL - 2022-12-02 19:01:43 --> Unable to locate view cell class: \App\Controllers\Menu.
in SYSTEMPATH\View\Cell.php on line 201.
 1 SYSTEMPATH\View\Cell.php(201): CodeIgniter\View\Exceptions\ViewException::forInvalidCellClass('\\App\\Controllers\\Menu')
 2 SYSTEMPATH\View\Cell.php(71): CodeIgniter\View\Cell->determineClass('\\App\\Controllers\\Menu:option')
 3 SYSTEMPATH\Common.php(1150): CodeIgniter\View\Cell->render('\\App\\Controllers\\Menu::option', null, 0, null)
 4 APPPATH\Views\menu\form.php(7): view_cell('\\App\\Controllers\\Menu::option')
 5 SYSTEMPATH\View\View.php(213): include('APPPATH\\Views\\menu\\form.php')
 6 SYSTEMPATH\View\View.php(216): CodeIgniter\View\View->CodeIgniter\View\{closure}()
 7 SYSTEMPATH\Common.php(1134): CodeIgniter\View\View->render('menu/form', [], true)
 8 APPPATH\Controllers\Admin\Menu.php(12): view('menu/form')
 9 SYSTEMPATH\CodeIgniter.php(927): App\Controllers\Admin\Menu->index()
10 SYSTEMPATH\CodeIgniter.php(482): CodeIgniter\CodeIgniter->runController(Object(App\Controllers\Admin\Menu))
11 SYSTEMPATH\CodeIgniter.php(351): CodeIgniter\CodeIgniter->handleRequest(null, Object(Config\Cache), false)
12 FCPATH\index.php(67): CodeIgniter\CodeIgniter->run()
CRITICAL - 2022-12-02 19:02:50 --> Unable to locate view cell class: \App\Controllers\Menu.
in SYSTEMPATH\View\Cell.php on line 201.
 1 SYSTEMPATH\View\Cell.php(201): CodeIgniter\View\Exceptions\ViewException::forInvalidCellClass('\\App\\Controllers\\Menu')
 2 SYSTEMPATH\View\Cell.php(71): CodeIgniter\View\Cell->determineClass('\\App\\Controllers\\Menu:option')
 3 SYSTEMPATH\Common.php(1150): CodeIgniter\View\Cell->render('\\App\\Controllers\\Menu::option', null, 0, null)
 4 APPPATH\Views\menu\form.php(7): view_cell('\\App\\Controllers\\Menu::option')
 5 SYSTEMPATH\View\View.php(213): include('APPPATH\\Views\\menu\\form.php')
 6 SYSTEMPATH\View\View.php(216): CodeIgniter\View\View->CodeIgniter\View\{closure}()
 7 SYSTEMPATH\Common.php(1134): CodeIgniter\View\View->render('menu/form', [], true)
 8 APPPATH\Controllers\Admin\Menu.php(12): view('menu/form')
 9 SYSTEMPATH\CodeIgniter.php(927): App\Controllers\Admin\Menu->index()
10 SYSTEMPATH\CodeIgniter.php(482): CodeIgniter\CodeIgniter->runController(Object(App\Controllers\Admin\Menu))
11 SYSTEMPATH\CodeIgniter.php(351): CodeIgniter\CodeIgniter->handleRequest(null, Object(Config\Cache), false)
12 FCPATH\index.php(67): CodeIgniter\CodeIgniter->run()
CRITICAL - 2022-12-02 19:02:52 --> Unable to locate view cell class: \App\Controllers\Menu.
in SYSTEMPATH\View\Cell.php on line 201.
 1 SYSTEMPATH\View\Cell.php(201): CodeIgniter\View\Exceptions\ViewException::forInvalidCellClass('\\App\\Controllers\\Menu')
 2 SYSTEMPATH\View\Cell.php(71): CodeIgniter\View\Cell->determineClass('\\App\\Controllers\\Menu:option')
 3 SYSTEMPATH\Common.php(1150): CodeIgniter\View\Cell->render('\\App\\Controllers\\Menu::option', null, 0, null)
 4 APPPATH\Views\menu\form.php(7): view_cell('\\App\\Controllers\\Menu::option')
 5 SYSTEMPATH\View\View.php(213): include('APPPATH\\Views\\menu\\form.php')
 6 SYSTEMPATH\View\View.php(216): CodeIgniter\View\View->CodeIgniter\View\{closure}()
 7 SYSTEMPATH\Common.php(1134): CodeIgniter\View\View->render('menu/form', [], true)
 8 APPPATH\Controllers\Admin\Menu.php(12): view('menu/form')
 9 SYSTEMPATH\CodeIgniter.php(927): App\Controllers\Admin\Menu->index()
10 SYSTEMPATH\CodeIgniter.php(482): CodeIgniter\CodeIgniter->runController(Object(App\Controllers\Admin\Menu))
11 SYSTEMPATH\CodeIgniter.php(351): CodeIgniter\CodeIgniter->handleRequest(null, Object(Config\Cache), false)
12 FCPATH\index.php(67): CodeIgniter\CodeIgniter->run()
CRITICAL - 2022-12-02 19:45:25 --> There is no data to insert.
in SYSTEMPATH\BaseModel.php on line 729.
 1 SYSTEMPATH\BaseModel.php(729): CodeIgniter\Database\Exceptions\DataException::forEmptyDataset('insert')
 2 SYSTEMPATH\Model.php(667): CodeIgniter\BaseModel->insert([], true)
 3 APPPATH\Controllers\Admin\Kategori.php(51): CodeIgniter\Model->insert([...])
 4 SYSTEMPATH\CodeIgniter.php(927): App\Controllers\Admin\Kategori->insert()
 5 SYSTEMPATH\CodeIgniter.php(482): CodeIgniter\CodeIgniter->runController(Object(App\Controllers\Admin\Kategori))
 6 SYSTEMPATH\CodeIgniter.php(351): CodeIgniter\CodeIgniter->handleRequest(null, Object(Config\Cache), false)
 7 FCPATH\index.php(67): CodeIgniter\CodeIgniter->run()
CRITICAL - 2022-12-02 19:48:23 --> There is no data to insert.
in SYSTEMPATH\BaseModel.php on line 729.
 1 SYSTEMPATH\BaseModel.php(729): CodeIgniter\Database\Exceptions\DataException::forEmptyDataset('insert')
 2 SYSTEMPATH\Model.php(667): CodeIgniter\BaseModel->insert([], true)
 3 APPPATH\Controllers\Admin\Kategori.php(51): CodeIgniter\Model->insert([...])
 4 SYSTEMPATH\CodeIgniter.php(927): App\Controllers\Admin\Kategori->insert()
 5 SYSTEMPATH\CodeIgniter.php(482): CodeIgniter\CodeIgniter->runController(Object(App\Controllers\Admin\Kategori))
 6 SYSTEMPATH\CodeIgniter.php(351): CodeIgniter\CodeIgniter->handleRequest(null, Object(Config\Cache), false)
 7 FCPATH\index.php(67): CodeIgniter\CodeIgniter->run()
CRITICAL - 2022-12-02 19:51:25 --> There is no data to insert.
in SYSTEMPATH\BaseModel.php on line 729.
 1 SYSTEMPATH\BaseModel.php(729): CodeIgniter\Database\Exceptions\DataException::forEmptyDataset('insert')
 2 SYSTEMPATH\Model.php(667): CodeIgniter\BaseModel->insert([], true)
 3 APPPATH\Controllers\Admin\Kategori.php(51): CodeIgniter\Model->insert([...])
 4 SYSTEMPATH\CodeIgniter.php(927): App\Controllers\Admin\Kategori->insert()
 5 SYSTEMPATH\CodeIgniter.php(482): CodeIgniter\CodeIgniter->runController(Object(App\Controllers\Admin\Kategori))
 6 SYSTEMPATH\CodeIgniter.php(351): CodeIgniter\CodeIgniter->handleRequest(null, Object(Config\Cache), false)
 7 FCPATH\index.php(67): CodeIgniter\CodeIgniter->run()
CRITICAL - 2022-12-02 19:53:28 --> There is no data to insert.
in SYSTEMPATH\BaseModel.php on line 729.
 1 SYSTEMPATH\BaseModel.php(729): CodeIgniter\Database\Exceptions\DataException::forEmptyDataset('insert')
 2 SYSTEMPATH\Model.php(667): CodeIgniter\BaseModel->insert([], true)
 3 APPPATH\Controllers\Admin\Kategori.php(51): CodeIgniter\Model->insert([...])
 4 SYSTEMPATH\CodeIgniter.php(927): App\Controllers\Admin\Kategori->insert()
 5 SYSTEMPATH\CodeIgniter.php(482): CodeIgniter\CodeIgniter->runController(Object(App\Controllers\Admin\Kategori))
 6 SYSTEMPATH\CodeIgniter.php(351): CodeIgniter\CodeIgniter->handleRequest(null, Object(Config\Cache), false)
 7 FCPATH\index.php(67): CodeIgniter\CodeIgniter->run()
CRITICAL - 2022-12-02 19:54:45 --> There is no data to insert.
in SYSTEMPATH\BaseModel.php on line 729.
 1 SYSTEMPATH\BaseModel.php(729): CodeIgniter\Database\Exceptions\DataException::forEmptyDataset('insert')
 2 SYSTEMPATH\Model.php(667): CodeIgniter\BaseModel->insert([], true)
 3 APPPATH\Controllers\Admin\Kategori.php(51): CodeIgniter\Model->insert([...])
 4 SYSTEMPATH\CodeIgniter.php(927): App\Controllers\Admin\Kategori->insert()
 5 SYSTEMPATH\CodeIgniter.php(482): CodeIgniter\CodeIgniter->runController(Object(App\Controllers\Admin\Kategori))
 6 SYSTEMPATH\CodeIgniter.php(351): CodeIgniter\CodeIgniter->handleRequest(null, Object(Config\Cache), false)
 7 FCPATH\index.php(67): CodeIgniter\CodeIgniter->run()
CRITICAL - 2022-12-02 19:58:01 --> There is no data to insert.
in SYSTEMPATH\BaseModel.php on line 729.
 1 SYSTEMPATH\BaseModel.php(729): CodeIgniter\Database\Exceptions\DataException::forEmptyDataset('insert')
 2 SYSTEMPATH\Model.php(667): CodeIgniter\BaseModel->insert([], true)
 3 APPPATH\Controllers\Admin\Kategori.php(51): CodeIgniter\Model->insert([...])
 4 SYSTEMPATH\CodeIgniter.php(927): App\Controllers\Admin\Kategori->insert()
 5 SYSTEMPATH\CodeIgniter.php(482): CodeIgniter\CodeIgniter->runController(Object(App\Controllers\Admin\Kategori))
 6 SYSTEMPATH\CodeIgniter.php(351): CodeIgniter\CodeIgniter->handleRequest(null, Object(Config\Cache), false)
 7 FCPATH\index.php(67): CodeIgniter\CodeIgniter->run()
CRITICAL - 2022-12-02 19:59:13 --> There is no data to insert.
in SYSTEMPATH\BaseModel.php on line 729.
 1 SYSTEMPATH\BaseModel.php(729): CodeIgniter\Database\Exceptions\DataException::forEmptyDataset('insert')
 2 SYSTEMPATH\Model.php(667): CodeIgniter\BaseModel->insert([], true)
 3 APPPATH\Controllers\Admin\Kategori.php(51): CodeIgniter\Model->insert([...])
 4 SYSTEMPATH\CodeIgniter.php(927): App\Controllers\Admin\Kategori->insert()
 5 SYSTEMPATH\CodeIgniter.php(482): CodeIgniter\CodeIgniter->runController(Object(App\Controllers\Admin\Kategori))
 6 SYSTEMPATH\CodeIgniter.php(351): CodeIgniter\CodeIgniter->handleRequest(null, Object(Config\Cache), false)
 7 FCPATH\index.php(67): CodeIgniter\CodeIgniter->run()
CRITICAL - 2022-12-02 20:11:18 --> There is no data to insert.
in SYSTEMPATH\BaseModel.php on line 729.
 1 SYSTEMPATH\BaseModel.php(729): CodeIgniter\Database\Exceptions\DataException::forEmptyDataset('insert')
 2 SYSTEMPATH\Model.php(667): CodeIgniter\BaseModel->insert([], true)
 3 APPPATH\Controllers\Admin\Kategori.php(51): CodeIgniter\Model->insert([...])
 4 SYSTEMPATH\CodeIgniter.php(927): App\Controllers\Admin\Kategori->insert()
 5 SYSTEMPATH\CodeIgniter.php(482): CodeIgniter\CodeIgniter->runController(Object(App\Controllers\Admin\Kategori))
 6 SYSTEMPATH\CodeIgniter.php(351): CodeIgniter\CodeIgniter->handleRequest(null, Object(Config\Cache), false)
 7 FCPATH\index.php(67): CodeIgniter\CodeIgniter->run()
CRITICAL - 2022-12-02 21:01:36 --> There is no data to insert.
in SYSTEMPATH\BaseModel.php on line 729.
 1 SYSTEMPATH\BaseModel.php(729): CodeIgniter\Database\Exceptions\DataException::forEmptyDataset('insert')
 2 SYSTEMPATH\Model.php(667): CodeIgniter\BaseModel->insert([], true)
 3 APPPATH\Controllers\Admin\Kategori.php(51): CodeIgniter\Model->insert([...])
 4 SYSTEMPATH\CodeIgniter.php(927): App\Controllers\Admin\Kategori->insert()
 5 SYSTEMPATH\CodeIgniter.php(482): CodeIgniter\CodeIgniter->runController(Object(App\Controllers\Admin\Kategori))
 6 SYSTEMPATH\CodeIgniter.php(351): CodeIgniter\CodeIgniter->handleRequest(null, Object(Config\Cache), false)
 7 FCPATH\index.php(67): CodeIgniter\CodeIgniter->run()
CRITICAL - 2022-12-02 21:04:09 --> There is no data to insert.
in SYSTEMPATH\BaseModel.php on line 729.
 1 SYSTEMPATH\BaseModel.php(729): CodeIgniter\Database\Exceptions\DataException::forEmptyDataset('insert')
 2 SYSTEMPATH\Model.php(667): CodeIgniter\BaseModel->insert([], true)
 3 APPPATH\Controllers\Admin\Kategori.php(51): CodeIgniter\Model->insert([...])
 4 SYSTEMPATH\CodeIgniter.php(927): App\Controllers\Admin\Kategori->insert()
 5 SYSTEMPATH\CodeIgniter.php(482): CodeIgniter\CodeIgniter->runController(Object(App\Controllers\Admin\Kategori))
 6 SYSTEMPATH\CodeIgniter.php(351): CodeIgniter\CodeIgniter->handleRequest(null, Object(Config\Cache), false)
 7 FCPATH\index.php(67): CodeIgniter\CodeIgniter->run()
CRITICAL - 2022-12-02 21:21:41 --> There is no data to insert.
in SYSTEMPATH\BaseModel.php on line 729.
 1 SYSTEMPATH\BaseModel.php(729): CodeIgniter\Database\Exceptions\DataException::forEmptyDataset('insert')
 2 SYSTEMPATH\Model.php(667): CodeIgniter\BaseModel->insert([], true)
 3 APPPATH\Controllers\Admin\Kategori.php(51): CodeIgniter\Model->insert([...])
 4 SYSTEMPATH\CodeIgniter.php(927): App\Controllers\Admin\Kategori->insert()
 5 SYSTEMPATH\CodeIgniter.php(482): CodeIgniter\CodeIgniter->runController(Object(App\Controllers\Admin\Kategori))
 6 SYSTEMPATH\CodeIgniter.php(351): CodeIgniter\CodeIgniter->handleRequest(null, Object(Config\Cache), false)
 7 FCPATH\index.php(67): CodeIgniter\CodeIgniter->run()
CRITICAL - 2022-12-02 21:24:21 --> There is no data to insert.
in SYSTEMPATH\BaseModel.php on line 729.
 1 SYSTEMPATH\BaseModel.php(729): CodeIgniter\Database\Exceptions\DataException::forEmptyDataset('insert')
 2 SYSTEMPATH\Model.php(667): CodeIgniter\BaseModel->insert([], true)
 3 APPPATH\Controllers\Admin\Kategori.php(51): CodeIgniter\Model->insert([...])
 4 SYSTEMPATH\CodeIgniter.php(927): App\Controllers\Admin\Kategori->insert()
 5 SYSTEMPATH\CodeIgniter.php(482): CodeIgniter\CodeIgniter->runController(Object(App\Controllers\Admin\Kategori))
 6 SYSTEMPATH\CodeIgniter.php(351): CodeIgniter\CodeIgniter->handleRequest(null, Object(Config\Cache), false)
 7 FCPATH\index.php(67): CodeIgniter\CodeIgniter->run()
CRITICAL - 2022-12-02 21:44:35 --> There is no data to insert.
in SYSTEMPATH\BaseModel.php on line 729.
 1 SYSTEMPATH\BaseModel.php(729): CodeIgniter\Database\Exceptions\DataException::forEmptyDataset('insert')
 2 SYSTEMPATH\Model.php(667): CodeIgniter\BaseModel->insert([], true)
 3 APPPATH\Controllers\Admin\Kategori.php(51): CodeIgniter\Model->insert([...])
 4 SYSTEMPATH\CodeIgniter.php(927): App\Controllers\Admin\Kategori->insert()
 5 SYSTEMPATH\CodeIgniter.php(482): CodeIgniter\CodeIgniter->runController(Object(App\Controllers\Admin\Kategori))
 6 SYSTEMPATH\CodeIgniter.php(351): CodeIgniter\CodeIgniter->handleRequest(null, Object(Config\Cache), false)
 7 FCPATH\index.php(67): CodeIgniter\CodeIgniter->run()
CRITICAL - 2022-12-02 22:10:50 --> There is no data to insert.
in SYSTEMPATH\BaseModel.php on line 729.
 1 SYSTEMPATH\BaseModel.php(729): CodeIgniter\Database\Exceptions\DataException::forEmptyDataset('insert')
 2 SYSTEMPATH\Model.php(667): CodeIgniter\BaseModel->insert([], true)
 3 APPPATH\Controllers\Admin\Kategori.php(51): CodeIgniter\Model->insert([...])
 4 SYSTEMPATH\CodeIgniter.php(927): App\Controllers\Admin\Kategori->insert()
 5 SYSTEMPATH\CodeIgniter.php(482): CodeIgniter\CodeIgniter->runController(Object(App\Controllers\Admin\Kategori))
 6 SYSTEMPATH\CodeIgniter.php(351): CodeIgniter\CodeIgniter->handleRequest(null, Object(Config\Cache), false)
 7 FCPATH\index.php(67): CodeIgniter\CodeIgniter->run()
CRITICAL - 2022-12-02 22:13:03 --> There is no data to insert.
in SYSTEMPATH\BaseModel.php on line 729.
 1 SYSTEMPATH\BaseModel.php(729): CodeIgniter\Database\Exceptions\DataException::forEmptyDataset('insert')
 2 SYSTEMPATH\Model.php(667): CodeIgniter\BaseModel->insert([], true)
 3 APPPATH\Controllers\Admin\Kategori.php(51): CodeIgniter\Model->insert([...])
 4 SYSTEMPATH\CodeIgniter.php(927): App\Controllers\Admin\Kategori->insert()
 5 SYSTEMPATH\CodeIgniter.php(482): CodeIgniter\CodeIgniter->runController(Object(App\Controllers\Admin\Kategori))
 6 SYSTEMPATH\CodeIgniter.php(351): CodeIgniter\CodeIgniter->handleRequest(null, Object(Config\Cache), false)
 7 FCPATH\index.php(67): CodeIgniter\CodeIgniter->run()
CRITICAL - 2022-12-02 22:13:36 --> There is no data to insert.
in SYSTEMPATH\BaseModel.php on line 1598.
 1 SYSTEMPATH\BaseModel.php(1598): CodeIgniter\Database\Exceptions\DataException::forEmptyDataset('insert')
 2 SYSTEMPATH\BaseModel.php(709): CodeIgniter\BaseModel->transformDataToArray([], 'insert')
 3 SYSTEMPATH\Model.php(667): CodeIgniter\BaseModel->insert([], true)
 4 APPPATH\Controllers\Admin\Kategori.php(51): CodeIgniter\Model->insert([])
 5 SYSTEMPATH\CodeIgniter.php(927): App\Controllers\Admin\Kategori->insert()
 6 SYSTEMPATH\CodeIgniter.php(482): CodeIgniter\CodeIgniter->runController(Object(App\Controllers\Admin\Kategori))
 7 SYSTEMPATH\CodeIgniter.php(351): CodeIgniter\CodeIgniter->handleRequest(null, Object(Config\Cache), false)
 8 FCPATH\index.php(67): CodeIgniter\CodeIgniter->run()
CRITICAL - 2022-12-02 22:22:07 --> There is no data to insert.
in SYSTEMPATH\BaseModel.php on line 1598.
 1 SYSTEMPATH\BaseModel.php(1598): CodeIgniter\Database\Exceptions\DataException::forEmptyDataset('insert')
 2 SYSTEMPATH\BaseModel.php(709): CodeIgniter\BaseModel->transformDataToArray([], 'insert')
 3 SYSTEMPATH\Model.php(667): CodeIgniter\BaseModel->insert([], true)
 4 APPPATH\Controllers\Admin\Kategori.php(51): CodeIgniter\Model->insert([])
 5 SYSTEMPATH\CodeIgniter.php(927): App\Controllers\Admin\Kategori->insert()
 6 SYSTEMPATH\CodeIgniter.php(482): CodeIgniter\CodeIgniter->runController(Object(App\Controllers\Admin\Kategori))
 7 SYSTEMPATH\CodeIgniter.php(351): CodeIgniter\CodeIgniter->handleRequest(null, Object(Config\Cache), false)
 8 FCPATH\index.php(67): CodeIgniter\CodeIgniter->run()
CRITICAL - 2022-12-02 22:22:09 --> There is no data to insert.
in SYSTEMPATH\BaseModel.php on line 1598.
 1 SYSTEMPATH\BaseModel.php(1598): CodeIgniter\Database\Exceptions\DataException::forEmptyDataset('insert')
 2 SYSTEMPATH\BaseModel.php(709): CodeIgniter\BaseModel->transformDataToArray([], 'insert')
 3 SYSTEMPATH\Model.php(667): CodeIgniter\BaseModel->insert([], true)
 4 APPPATH\Controllers\Admin\Kategori.php(51): CodeIgniter\Model->insert([])
 5 SYSTEMPATH\CodeIgniter.php(927): App\Controllers\Admin\Kategori->insert()
 6 SYSTEMPATH\CodeIgniter.php(482): CodeIgniter\CodeIgniter->runController(Object(App\Controllers\Admin\Kategori))
 7 SYSTEMPATH\CodeIgniter.php(351): CodeIgniter\CodeIgniter->handleRequest(null, Object(Config\Cache), false)
 8 FCPATH\index.php(67): CodeIgniter\CodeIgniter->run()
CRITICAL - 2022-12-02 22:22:09 --> There is no data to insert.
in SYSTEMPATH\BaseModel.php on line 1598.
 1 SYSTEMPATH\BaseModel.php(1598): CodeIgniter\Database\Exceptions\DataException::forEmptyDataset('insert')
 2 SYSTEMPATH\BaseModel.php(709): CodeIgniter\BaseModel->transformDataToArray([], 'insert')
 3 SYSTEMPATH\Model.php(667): CodeIgniter\BaseModel->insert([], true)
 4 APPPATH\Controllers\Admin\Kategori.php(51): CodeIgniter\Model->insert([])
 5 SYSTEMPATH\CodeIgniter.php(927): App\Controllers\Admin\Kategori->insert()
 6 SYSTEMPATH\CodeIgniter.php(482): CodeIgniter\CodeIgniter->runController(Object(App\Controllers\Admin\Kategori))
 7 SYSTEMPATH\CodeIgniter.php(351): CodeIgniter\CodeIgniter->handleRequest(null, Object(Config\Cache), false)
 8 FCPATH\index.php(67): CodeIgniter\CodeIgniter->run()
CRITICAL - 2022-12-02 22:22:09 --> There is no data to insert.
in SYSTEMPATH\BaseModel.php on line 1598.
 1 SYSTEMPATH\BaseModel.php(1598): CodeIgniter\Database\Exceptions\DataException::forEmptyDataset('insert')
 2 SYSTEMPATH\BaseModel.php(709): CodeIgniter\BaseModel->transformDataToArray([], 'insert')
 3 SYSTEMPATH\Model.php(667): CodeIgniter\BaseModel->insert([], true)
 4 APPPATH\Controllers\Admin\Kategori.php(51): CodeIgniter\Model->insert([])
 5 SYSTEMPATH\CodeIgniter.php(927): App\Controllers\Admin\Kategori->insert()
 6 SYSTEMPATH\CodeIgniter.php(482): CodeIgniter\CodeIgniter->runController(Object(App\Controllers\Admin\Kategori))
 7 SYSTEMPATH\CodeIgniter.php(351): CodeIgniter\CodeIgniter->handleRequest(null, Object(Config\Cache), false)
 8 FCPATH\index.php(67): CodeIgniter\CodeIgniter->run()
CRITICAL - 2022-12-02 22:24:27 --> There is no data to insert.
in SYSTEMPATH\BaseModel.php on line 729.
 1 SYSTEMPATH\BaseModel.php(729): CodeIgniter\Database\Exceptions\DataException::forEmptyDataset('insert')
 2 SYSTEMPATH\Model.php(667): CodeIgniter\BaseModel->insert([], true)
 3 APPPATH\Controllers\Admin\Kategori.php(51): CodeIgniter\Model->insert([...])
 4 SYSTEMPATH\CodeIgniter.php(927): App\Controllers\Admin\Kategori->insert()
 5 SYSTEMPATH\CodeIgniter.php(482): CodeIgniter\CodeIgniter->runController(Object(App\Controllers\Admin\Kategori))
 6 SYSTEMPATH\CodeIgniter.php(351): CodeIgniter\CodeIgniter->handleRequest(null, Object(Config\Cache), false)
 7 FCPATH\index.php(67): CodeIgniter\CodeIgniter->run()
CRITICAL - 2022-12-02 22:26:24 --> There is no data to insert.
in SYSTEMPATH\BaseModel.php on line 729.
 1 SYSTEMPATH\BaseModel.php(729): CodeIgniter\Database\Exceptions\DataException::forEmptyDataset('insert')
 2 SYSTEMPATH\Model.php(667): CodeIgniter\BaseModel->insert([], true)
 3 APPPATH\Controllers\Admin\Kategori.php(51): CodeIgniter\Model->insert([...])
 4 SYSTEMPATH\CodeIgniter.php(927): App\Controllers\Admin\Kategori->insert()
 5 SYSTEMPATH\CodeIgniter.php(482): CodeIgniter\CodeIgniter->runController(Object(App\Controllers\Admin\Kategori))
 6 SYSTEMPATH\CodeIgniter.php(351): CodeIgniter\CodeIgniter->handleRequest(null, Object(Config\Cache), false)
 7 FCPATH\index.php(67): CodeIgniter\CodeIgniter->run()
CRITICAL - 2022-12-02 22:26:44 --> There is no data to insert.
in SYSTEMPATH\BaseModel.php on line 729.
 1 SYSTEMPATH\BaseModel.php(729): CodeIgniter\Database\Exceptions\DataException::forEmptyDataset('insert')
 2 SYSTEMPATH\Model.php(667): CodeIgniter\BaseModel->insert([], true)
 3 APPPATH\Controllers\Admin\Kategori.php(51): CodeIgniter\Model->insert([...])
 4 SYSTEMPATH\CodeIgniter.php(927): App\Controllers\Admin\Kategori->insert()
 5 SYSTEMPATH\CodeIgniter.php(482): CodeIgniter\CodeIgniter->runController(Object(App\Controllers\Admin\Kategori))
 6 SYSTEMPATH\CodeIgniter.php(351): CodeIgniter\CodeIgniter->handleRequest(null, Object(Config\Cache), false)
 7 FCPATH\index.php(67): CodeIgniter\CodeIgniter->run()
