CRITICAL - 2023-01-02 07:31:58 --> There is no data to insert.
in SYSTEMPATH\BaseModel.php on line 729.
 1 SYSTEMPATH\BaseModel.php(729): CodeIgniter\Database\Exceptions\DataException::forEmptyDataset('insert')
 2 SYSTEMPATH\Model.php(667): CodeIgniter\BaseModel->insert([], true)
 3 APPPATH\Controllers\Admin\Kategori.php(51): CodeIgniter\Model->insert([...])
 4 SYSTEMPATH\CodeIgniter.php(927): App\Controllers\Admin\Kategori->insert()
 5 SYSTEMPATH\CodeIgniter.php(482): CodeIgniter\CodeIgniter->runController(Object(App\Controllers\Admin\Kategori))
 6 SYSTEMPATH\CodeIgniter.php(351): CodeIgniter\CodeIgniter->handleRequest(null, Object(Config\Cache), false)
 7 FCPATH\index.php(67): CodeIgniter\CodeIgniter->run()
CRITICAL - 2023-01-02 07:39:25 --> There is no data to insert.
in SYSTEMPATH\BaseModel.php on line 729.
 1 SYSTEMPATH\BaseModel.php(729): CodeIgniter\Database\Exceptions\DataException::forEmptyDataset('insert')
 2 SYSTEMPATH\Model.php(667): CodeIgniter\BaseModel->insert([], true)
 3 APPPATH\Controllers\Admin\Kategori.php(51): CodeIgniter\Model->insert([...])
 4 SYSTEMPATH\CodeIgniter.php(927): App\Controllers\Admin\Kategori->insert()
 5 SYSTEMPATH\CodeIgniter.php(482): CodeIgniter\CodeIgniter->runController(Object(App\Controllers\Admin\Kategori))
 6 SYSTEMPATH\CodeIgniter.php(351): CodeIgniter\CodeIgniter->handleRequest(null, Object(Config\Cache), false)
 7 FCPATH\index.php(67): CodeIgniter\CodeIgniter->run()
CRITICAL - 2023-01-02 07:50:27 --> There is no data to update.
in SYSTEMPATH\BaseModel.php on line 867.
 1 SYSTEMPATH\BaseModel.php(867): CodeIgniter\Database\Exceptions\DataException::forEmptyDataset('update')
 2 SYSTEMPATH\Model.php(693): CodeIgniter\BaseModel->update([...], [])
 3 SYSTEMPATH\BaseModel.php(657): CodeIgniter\Model->update('1', [...])
 4 APPPATH\Controllers\Admin\Kategori.php(76): CodeIgniter\BaseModel->save([...])
 5 SYSTEMPATH\CodeIgniter.php(927): App\Controllers\Admin\Kategori->update()
 6 SYSTEMPATH\CodeIgniter.php(482): CodeIgniter\CodeIgniter->runController(Object(App\Controllers\Admin\Kategori))
 7 SYSTEMPATH\CodeIgniter.php(351): CodeIgniter\CodeIgniter->handleRequest(null, Object(Config\Cache), false)
 8 FCPATH\index.php(67): CodeIgniter\CodeIgniter->run()
CRITICAL - 2023-01-02 08:11:32 --> There is no data to insert.
in SYSTEMPATH\BaseModel.php on line 729.
 1 SYSTEMPATH\BaseModel.php(729): CodeIgniter\Database\Exceptions\DataException::forEmptyDataset('insert')
 2 SYSTEMPATH\Model.php(667): CodeIgniter\BaseModel->insert([], true)
 3 APPPATH\Controllers\Admin\Kategori.php(51): CodeIgniter\Model->insert([...])
 4 SYSTEMPATH\CodeIgniter.php(927): App\Controllers\Admin\Kategori->insert()
 5 SYSTEMPATH\CodeIgniter.php(482): CodeIgniter\CodeIgniter->runController(Object(App\Controllers\Admin\Kategori))
 6 SYSTEMPATH\CodeIgniter.php(351): CodeIgniter\CodeIgniter->handleRequest(null, Object(Config\Cache), false)
 7 FCPATH\index.php(67): CodeIgniter\CodeIgniter->run()
CRITICAL - 2023-01-02 08:11:40 --> There is no data to insert.
in SYSTEMPATH\BaseModel.php on line 729.
 1 SYSTEMPATH\BaseModel.php(729): CodeIgniter\Database\Exceptions\DataException::forEmptyDataset('insert')
 2 SYSTEMPATH\Model.php(667): CodeIgniter\BaseModel->insert([], true)
 3 APPPATH\Controllers\Admin\Kategori.php(51): CodeIgniter\Model->insert([...])
 4 SYSTEMPATH\CodeIgniter.php(927): App\Controllers\Admin\Kategori->insert()
 5 SYSTEMPATH\CodeIgniter.php(482): CodeIgniter\CodeIgniter->runController(Object(App\Controllers\Admin\Kategori))
 6 SYSTEMPATH\CodeIgniter.php(351): CodeIgniter\CodeIgniter->handleRequest(null, Object(Config\Cache), false)
 7 FCPATH\index.php(67): CodeIgniter\CodeIgniter->run()
CRITICAL - 2023-01-02 08:12:42 --> There is no data to insert.
in SYSTEMPATH\BaseModel.php on line 729.
 1 SYSTEMPATH\BaseModel.php(729): CodeIgniter\Database\Exceptions\DataException::forEmptyDataset('insert')
 2 SYSTEMPATH\Model.php(667): CodeIgniter\BaseModel->insert([], true)
 3 APPPATH\Controllers\Admin\Kategori.php(51): CodeIgniter\Model->insert([...])
 4 SYSTEMPATH\CodeIgniter.php(927): App\Controllers\Admin\Kategori->insert()
 5 SYSTEMPATH\CodeIgniter.php(482): CodeIgniter\CodeIgniter->runController(Object(App\Controllers\Admin\Kategori))
 6 SYSTEMPATH\CodeIgniter.php(351): CodeIgniter\CodeIgniter->handleRequest(null, Object(Config\Cache), false)
 7 FCPATH\index.php(67): CodeIgniter\CodeIgniter->run()
CRITICAL - 2023-01-02 08:14:00 --> There is no data to insert.
in SYSTEMPATH\BaseModel.php on line 729.
 1 SYSTEMPATH\BaseModel.php(729): CodeIgniter\Database\Exceptions\DataException::forEmptyDataset('insert')
 2 SYSTEMPATH\Model.php(667): CodeIgniter\BaseModel->insert([], true)
 3 APPPATH\Controllers\Admin\Kategori.php(51): CodeIgniter\Model->insert([...])
 4 SYSTEMPATH\CodeIgniter.php(927): App\Controllers\Admin\Kategori->insert()
 5 SYSTEMPATH\CodeIgniter.php(482): CodeIgniter\CodeIgniter->runController(Object(App\Controllers\Admin\Kategori))
 6 SYSTEMPATH\CodeIgniter.php(351): CodeIgniter\CodeIgniter->handleRequest(null, Object(Config\Cache), false)
 7 FCPATH\index.php(67): CodeIgniter\CodeIgniter->run()
CRITICAL - 2023-01-02 08:15:23 --> There is no data to insert.
in SYSTEMPATH\BaseModel.php on line 729.
 1 SYSTEMPATH\BaseModel.php(729): CodeIgniter\Database\Exceptions\DataException::forEmptyDataset('insert')
 2 SYSTEMPATH\Model.php(667): CodeIgniter\BaseModel->insert([], true)
 3 APPPATH\Controllers\Admin\Kategori.php(51): CodeIgniter\Model->insert([...])
 4 SYSTEMPATH\CodeIgniter.php(927): App\Controllers\Admin\Kategori->insert()
 5 SYSTEMPATH\CodeIgniter.php(482): CodeIgniter\CodeIgniter->runController(Object(App\Controllers\Admin\Kategori))
 6 SYSTEMPATH\CodeIgniter.php(351): CodeIgniter\CodeIgniter->handleRequest(null, Object(Config\Cache), false)
 7 FCPATH\index.php(67): CodeIgniter\CodeIgniter->run()
CRITICAL - 2023-01-02 08:19:03 --> There is no data to insert.
in SYSTEMPATH\BaseModel.php on line 729.
 1 SYSTEMPATH\BaseModel.php(729): CodeIgniter\Database\Exceptions\DataException::forEmptyDataset('insert')
 2 SYSTEMPATH\Model.php(667): CodeIgniter\BaseModel->insert([], true)
 3 APPPATH\Controllers\Admin\Kategori.php(51): CodeIgniter\Model->insert([...])
 4 SYSTEMPATH\CodeIgniter.php(927): App\Controllers\Admin\Kategori->insert()
 5 SYSTEMPATH\CodeIgniter.php(482): CodeIgniter\CodeIgniter->runController(Object(App\Controllers\Admin\Kategori))
 6 SYSTEMPATH\CodeIgniter.php(351): CodeIgniter\CodeIgniter->handleRequest(null, Object(Config\Cache), false)
 7 FCPATH\index.php(67): CodeIgniter\CodeIgniter->run()
CRITICAL - 2023-01-02 08:19:30 --> There is no data to insert.
in SYSTEMPATH\BaseModel.php on line 729.
 1 SYSTEMPATH\BaseModel.php(729): CodeIgniter\Database\Exceptions\DataException::forEmptyDataset('insert')
 2 SYSTEMPATH\Model.php(667): CodeIgniter\BaseModel->insert([], true)
 3 APPPATH\Controllers\Admin\Kategori.php(51): CodeIgniter\Model->insert([...])
 4 SYSTEMPATH\CodeIgniter.php(927): App\Controllers\Admin\Kategori->insert()
 5 SYSTEMPATH\CodeIgniter.php(482): CodeIgniter\CodeIgniter->runController(Object(App\Controllers\Admin\Kategori))
 6 SYSTEMPATH\CodeIgniter.php(351): CodeIgniter\CodeIgniter->handleRequest(null, Object(Config\Cache), false)
 7 FCPATH\index.php(67): CodeIgniter\CodeIgniter->run()
